<?xml version="1.0" encoding="UTF-8"?>
<!-- Generated by org.testng.reporters.JUnitReportReporter -->
<testsuite hostname="LT-jiangxm" name="com.llwallet.interfaces.test.api.test.personal.ThreeFactorsPayVerifyTest" tests="29" failures="0" timestamp="6 Nov 2017 11:33:58 GMT" time="3.197" errors="2">
  <testcase name="threeFactorsPayVerify" time="0.109" classname="com.llwallet.interfaces.test.api.test.personal.ThreeFactorsPayVerifyTest"/>
  <testcase name="threeFactorsPayVerify" time="0.245" classname="com.llwallet.interfaces.test.api.test.personal.ThreeFactorsPayVerifyTest"/>
  <testcase name="threeFactorsPayVerify" time="0.106" classname="com.llwallet.interfaces.test.api.test.personal.ThreeFactorsPayVerifyTest"/>
  <testcase name="threeFactorsPayVerify" time="0.115" classname="com.llwallet.interfaces.test.api.test.personal.ThreeFactorsPayVerifyTest">
    <error type="java.lang.AssertionError">
      <![CDATA[java.lang.AssertionError
	at com.llwallet.interfaces.test.api.test.personal.ThreeFactorsPayVerifyTest.threeFactorsPayVerify(ThreeFactorsPayVerifyTest.java:62)
	at sun.reflect.NativeMethodAccessorImpl.invoke0(Native Method)
	at sun.reflect.NativeMethodAccessorImpl.invoke(Unknown Source)
	at sun.reflect.DelegatingMethodAccessorImpl.invoke(Unknown Source)
	at java.lang.reflect.Method.invoke(Unknown Source)
	at org.testng.internal.MethodInvocationHelper.invokeMethod(MethodInvocationHelper.java:85)
	at org.testng.internal.InvokeMethodRunnable.runOne(InvokeMethodRunnable.java:46)
	at org.testng.internal.InvokeMethodRunnable.run(InvokeMethodRunnable.java:37)
	at java.util.concurrent.Executors$RunnableAdapter.call(Unknown Source)
	at java.util.concurrent.FutureTask.run(Unknown Source)
	at java.util.concurrent.ThreadPoolExecutor.runWorker(Unknown Source)
	at java.util.concurrent.ThreadPoolExecutor$Worker.run(Unknown Source)
	at java.lang.Thread.run(Unknown Source)
]]>
    </error>
  </testcase> <!-- threeFactorsPayVerify -->
  <testcase name="threeFactorsPayVerify" time="0.092" classname="com.llwallet.interfaces.test.api.test.personal.ThreeFactorsPayVerifyTest"/>
  <testcase name="threeFactorsPayVerify" time="0.088" classname="com.llwallet.interfaces.test.api.test.personal.ThreeFactorsPayVerifyTest"/>
  <testcase name="threeFactorsPayVerify" time="0.094" classname="com.llwallet.interfaces.test.api.test.personal.ThreeFactorsPayVerifyTest"/>
  <testcase name="threeFactorsPayVerify" time="0.125" classname="com.llwallet.interfaces.test.api.test.personal.ThreeFactorsPayVerifyTest"/>
  <testcase name="threeFactorsPayVerify" time="0.125" classname="com.llwallet.interfaces.test.api.test.personal.ThreeFactorsPayVerifyTest"/>
  <testcase name="threeFactorsPayVerify" time="0.113" classname="com.llwallet.interfaces.test.api.test.personal.ThreeFactorsPayVerifyTest"/>
  <testcase name="threeFactorsPayVerify" time="0.099" classname="com.llwallet.interfaces.test.api.test.personal.ThreeFactorsPayVerifyTest"/>
  <testcase name="threeFactorsPayVerify" time="0.103" classname="com.llwallet.interfaces.test.api.test.personal.ThreeFactorsPayVerifyTest"/>
  <testcase name="threeFactorsPayVerify" time="0.079" classname="com.llwallet.interfaces.test.api.test.personal.ThreeFactorsPayVerifyTest">
    <error type="java.lang.AssertionError">
      <![CDATA[java.lang.AssertionError
	at com.llwallet.interfaces.test.api.test.personal.ThreeFactorsPayVerifyTest.threeFactorsPayVerify(ThreeFactorsPayVerifyTest.java:62)
	at sun.reflect.NativeMethodAccessorImpl.invoke0(Native Method)
	at sun.reflect.NativeMethodAccessorImpl.invoke(Unknown Source)
	at sun.reflect.DelegatingMethodAccessorImpl.invoke(Unknown Source)
	at java.lang.reflect.Method.invoke(Unknown Source)
	at org.testng.internal.MethodInvocationHelper.invokeMethod(MethodInvocationHelper.java:85)
	at org.testng.internal.InvokeMethodRunnable.runOne(InvokeMethodRunnable.java:46)
	at org.testng.internal.InvokeMethodRunnable.run(InvokeMethodRunnable.java:37)
	at java.util.concurrent.Executors$RunnableAdapter.call(Unknown Source)
	at java.util.concurrent.FutureTask.run(Unknown Source)
	at java.util.concurrent.ThreadPoolExecutor.runWorker(Unknown Source)
	at java.util.concurrent.ThreadPoolExecutor$Worker.run(Unknown Source)
	at java.lang.Thread.run(Unknown Source)
]]>
    </error>
  </testcase> <!-- threeFactorsPayVerify -->
  <testcase name="threeFactorsPayVerify" time="0.096" classname="com.llwallet.interfaces.test.api.test.personal.ThreeFactorsPayVerifyTest"/>
  <testcase name="threeFactorsPayVerify" time="0.100" classname="com.llwallet.interfaces.test.api.test.personal.ThreeFactorsPayVerifyTest"/>
  <testcase name="threeFactorsPayVerify" time="0.100" classname="com.llwallet.interfaces.test.api.test.personal.ThreeFactorsPayVerifyTest"/>
  <testcase name="threeFactorsPayVerify" time="0.131" classname="com.llwallet.interfaces.test.api.test.personal.ThreeFactorsPayVerifyTest"/>
  <testcase name="threeFactorsPayVerify" time="0.108" classname="com.llwallet.interfaces.test.api.test.personal.ThreeFactorsPayVerifyTest"/>
  <testcase name="threeFactorsPayVerify" time="0.102" classname="com.llwallet.interfaces.test.api.test.personal.ThreeFactorsPayVerifyTest"/>
  <testcase name="threeFactorsPayVerify" time="0.107" classname="com.llwallet.interfaces.test.api.test.personal.ThreeFactorsPayVerifyTest"/>
  <testcase name="threeFactorsPayVerify" time="0.091" classname="com.llwallet.interfaces.test.api.test.personal.ThreeFactorsPayVerifyTest"/>
  <testcase name="threeFactorsPayVerify" time="0.120" classname="com.llwallet.interfaces.test.api.test.personal.ThreeFactorsPayVerifyTest"/>
  <testcase name="threeFactorsPayVerify" time="0.108" classname="com.llwallet.interfaces.test.api.test.personal.ThreeFactorsPayVerifyTest"/>
  <testcase name="threeFactorsPayVerify" time="0.111" classname="com.llwallet.interfaces.test.api.test.personal.ThreeFactorsPayVerifyTest"/>
  <testcase name="threeFactorsPayVerify" time="0.114" classname="com.llwallet.interfaces.test.api.test.personal.ThreeFactorsPayVerifyTest"/>
  <testcase name="threeFactorsPayVerify" time="0.109" classname="com.llwallet.interfaces.test.api.test.personal.ThreeFactorsPayVerifyTest"/>
  <testcase name="threeFactorsPayVerify" time="0.108" classname="com.llwallet.interfaces.test.api.test.personal.ThreeFactorsPayVerifyTest"/>
  <testcase name="threeFactorsPayVerify" time="0.096" classname="com.llwallet.interfaces.test.api.test.personal.ThreeFactorsPayVerifyTest"/>
  <testcase name="threeFactorsPayVerify" time="0.103" classname="com.llwallet.interfaces.test.api.test.personal.ThreeFactorsPayVerifyTest"/>
</testsuite> <!-- com.llwallet.interfaces.test.api.test.personal.ThreeFactorsPayVerifyTest -->
