<?xml version="1.0" encoding="UTF-8"?>
<!-- Generated by org.testng.reporters.JUnitReportReporter -->
<testsuite hostname="LT-jiangxm" name="com.llwalletactive.interfaces.test.api.test.SaveActiveDetailInfoActiveAccountTest" tests="1" failures="1" timestamp="19 Jan 2017 08:56:24 GMT" time="0.557" errors="0">
  <testcase name="saveActiveDetailInfo" time="0.557" classname="com.llwalletactive.interfaces.test.api.test.SaveActiveDetailInfoActiveAccountTest">
    <failure type="java.lang.AssertionError">
      <![CDATA[java.lang.AssertionError
	at com.llwalletactive.interfaces.test.api.test.SaveActiveDetailInfoActiveAccountTest.saveActiveDetailInfo(SaveActiveDetailInfoActiveAccountTest.java:61)
	at sun.reflect.NativeMethodAccessorImpl.invoke0(Native Method)
	at sun.reflect.NativeMethodAccessorImpl.invoke(Unknown Source)
	at sun.reflect.DelegatingMethodAccessorImpl.invoke(Unknown Source)
	at java.lang.reflect.Method.invoke(Unknown Source)
	at org.testng.internal.MethodInvocationHelper.invokeMethod(MethodInvocationHelper.java:100)
	at org.testng.internal.InvokeMethodRunnable.runOne(InvokeMethodRunnable.java:54)
	at org.testng.internal.InvokeMethodRunnable.run(InvokeMethodRunnable.java:44)
	at java.util.concurrent.Executors$RunnableAdapter.call(Unknown Source)
	at java.util.concurrent.FutureTask.run(Unknown Source)
	at java.util.concurrent.ThreadPoolExecutor.runWorker(Unknown Source)
	at java.util.concurrent.ThreadPoolExecutor$Worker.run(Unknown Source)
	at java.lang.Thread.run(Unknown Source)
]]>
    </failure>
  </testcase> <!-- saveActiveDetailInfo -->
</testsuite> <!-- com.llwalletactive.interfaces.test.api.test.SaveActiveDetailInfoActiveAccountTest -->
