<?xml version="1.0" encoding="UTF-8"?>
<!-- Generated by org.testng.reporters.JUnitReportReporter -->
<testsuite hostname="LT-jiangxm" name="com.llwallet.interfaces.test.api.test.personal.SecuredPrepayModifyTest" tests="38" failures="0" timestamp="2 Nov 2017 13:27:28 GMT" time="58.668" errors="3">
  <testcase name="securedPrepayModify" time="1.709" classname="com.llwallet.interfaces.test.api.test.personal.SecuredPrepayModifyTest"/>
  <testcase name="securedPrepayModify" time="1.286" classname="com.llwallet.interfaces.test.api.test.personal.SecuredPrepayModifyTest"/>
  <testcase name="securedPrepayModify" time="1.626" classname="com.llwallet.interfaces.test.api.test.personal.SecuredPrepayModifyTest"/>
  <testcase name="securedPrepayModify1" time="0.297" classname="com.llwallet.interfaces.test.api.test.personal.SecuredPrepayModifyTest"/>
  <testcase name="securedPrepayModify" time="0.157" classname="com.llwallet.interfaces.test.api.test.personal.SecuredPrepayModifyTest">
    <error type="java.lang.AssertionError">
      <![CDATA[java.lang.AssertionError
	at com.llwallet.interfaces.test.api.test.personal.SecuredPrepayModifyTest.securedPrepayModify(SecuredPrepayModifyTest.java:148)
	at sun.reflect.GeneratedMethodAccessor42.invoke(Unknown Source)
	at sun.reflect.DelegatingMethodAccessorImpl.invoke(Unknown Source)
	at java.lang.reflect.Method.invoke(Unknown Source)
	at org.testng.internal.MethodInvocationHelper.invokeMethod(MethodInvocationHelper.java:85)
	at org.testng.internal.InvokeMethodRunnable.runOne(InvokeMethodRunnable.java:46)
	at org.testng.internal.InvokeMethodRunnable.run(InvokeMethodRunnable.java:37)
	at java.util.concurrent.Executors$RunnableAdapter.call(Unknown Source)
	at java.util.concurrent.FutureTask.run(Unknown Source)
	at java.util.concurrent.ThreadPoolExecutor.runWorker(Unknown Source)
	at java.util.concurrent.ThreadPoolExecutor$Worker.run(Unknown Source)
	at java.lang.Thread.run(Unknown Source)
]]>
    </error>
  </testcase> <!-- securedPrepayModify -->
  <testcase name="securedPrepayModify" time="1.790" classname="com.llwallet.interfaces.test.api.test.personal.SecuredPrepayModifyTest"/>
  <testcase name="securedPrepayModify" time="1.862" classname="com.llwallet.interfaces.test.api.test.personal.SecuredPrepayModifyTest"/>
  <testcase name="securedPrepayModify1" time="0.158" classname="com.llwallet.interfaces.test.api.test.personal.SecuredPrepayModifyTest"/>
  <testcase name="securedPrepayModify" time="1.746" classname="com.llwallet.interfaces.test.api.test.personal.SecuredPrepayModifyTest"/>
  <testcase name="securedPrepayModify1" time="0.159" classname="com.llwallet.interfaces.test.api.test.personal.SecuredPrepayModifyTest"/>
  <testcase name="securedPrepayModify" time="1.733" classname="com.llwallet.interfaces.test.api.test.personal.SecuredPrepayModifyTest"/>
  <testcase name="securedPrepayModify" time="1.246" classname="com.llwallet.interfaces.test.api.test.personal.SecuredPrepayModifyTest"/>
  <testcase name="securedPrepayModify" time="2.986" classname="com.llwallet.interfaces.test.api.test.personal.SecuredPrepayModifyTest"/>
  <testcase name="securedPrepayModify" time="1.782" classname="com.llwallet.interfaces.test.api.test.personal.SecuredPrepayModifyTest"/>
  <testcase name="securedPrepayModify" time="1.777" classname="com.llwallet.interfaces.test.api.test.personal.SecuredPrepayModifyTest"/>
  <testcase name="securedPrepayModify" time="1.514" classname="com.llwallet.interfaces.test.api.test.personal.SecuredPrepayModifyTest"/>
  <testcase name="securedPrepayModify" time="1.601" classname="com.llwallet.interfaces.test.api.test.personal.SecuredPrepayModifyTest"/>
  <testcase name="securedPrepayModify" time="2.115" classname="com.llwallet.interfaces.test.api.test.personal.SecuredPrepayModifyTest"/>
  <testcase name="securedPrepayModify" time="1.305" classname="com.llwallet.interfaces.test.api.test.personal.SecuredPrepayModifyTest"/>
  <testcase name="securedPrepayModify" time="1.481" classname="com.llwallet.interfaces.test.api.test.personal.SecuredPrepayModifyTest"/>
  <testcase name="securedPrepayModify" time="2.876" classname="com.llwallet.interfaces.test.api.test.personal.SecuredPrepayModifyTest"/>
  <testcase name="securedPrepayModify" time="2.079" classname="com.llwallet.interfaces.test.api.test.personal.SecuredPrepayModifyTest"/>
  <testcase name="securedPrepayModify" time="1.507" classname="com.llwallet.interfaces.test.api.test.personal.SecuredPrepayModifyTest"/>
  <testcase name="securedPrepayModify" time="1.345" classname="com.llwallet.interfaces.test.api.test.personal.SecuredPrepayModifyTest"/>
  <testcase name="securedPrepayModify" time="1.804" classname="com.llwallet.interfaces.test.api.test.personal.SecuredPrepayModifyTest"/>
  <testcase name="securedPrepayModify" time="1.816" classname="com.llwallet.interfaces.test.api.test.personal.SecuredPrepayModifyTest"/>
  <testcase name="securedPrepayModify" time="1.341" classname="com.llwallet.interfaces.test.api.test.personal.SecuredPrepayModifyTest"/>
  <testcase name="securedPrepayModify1" time="0.237" classname="com.llwallet.interfaces.test.api.test.personal.SecuredPrepayModifyTest"/>
  <testcase name="securedPrepayModify" time="1.387" classname="com.llwallet.interfaces.test.api.test.personal.SecuredPrepayModifyTest"/>
  <testcase name="securedPrepayModify" time="1.927" classname="com.llwallet.interfaces.test.api.test.personal.SecuredPrepayModifyTest"/>
  <testcase name="securedPrepayModify" time="2.307" classname="com.llwallet.interfaces.test.api.test.personal.SecuredPrepayModifyTest"/>
  <testcase name="securedPrepayModify" time="1.973" classname="com.llwallet.interfaces.test.api.test.personal.SecuredPrepayModifyTest">
    <error type="java.lang.AssertionError">
      <![CDATA[java.lang.AssertionError
	at com.llwallet.interfaces.test.api.test.personal.SecuredPrepayModifyTest.securedPrepayModify(SecuredPrepayModifyTest.java:148)
	at sun.reflect.NativeMethodAccessorImpl.invoke0(Native Method)
	at sun.reflect.NativeMethodAccessorImpl.invoke(Unknown Source)
	at sun.reflect.DelegatingMethodAccessorImpl.invoke(Unknown Source)
	at java.lang.reflect.Method.invoke(Unknown Source)
	at org.testng.internal.MethodInvocationHelper.invokeMethod(MethodInvocationHelper.java:85)
	at org.testng.internal.InvokeMethodRunnable.runOne(InvokeMethodRunnable.java:46)
	at org.testng.internal.InvokeMethodRunnable.run(InvokeMethodRunnable.java:37)
	at java.util.concurrent.Executors$RunnableAdapter.call(Unknown Source)
	at java.util.concurrent.FutureTask.run(Unknown Source)
	at java.util.concurrent.ThreadPoolExecutor.runWorker(Unknown Source)
	at java.util.concurrent.ThreadPoolExecutor$Worker.run(Unknown Source)
	at java.lang.Thread.run(Unknown Source)
]]>
    </error>
  </testcase> <!-- securedPrepayModify -->
  <testcase name="securedPrepayModify" time="1.597" classname="com.llwallet.interfaces.test.api.test.personal.SecuredPrepayModifyTest"/>
  <testcase name="securedPrepayModify" time="1.279" classname="com.llwallet.interfaces.test.api.test.personal.SecuredPrepayModifyTest"/>
  <testcase name="securedPrepayModify" time="1.322" classname="com.llwallet.interfaces.test.api.test.personal.SecuredPrepayModifyTest"/>
  <testcase name="securedPrepayModify" time="1.628" classname="com.llwallet.interfaces.test.api.test.personal.SecuredPrepayModifyTest">
    <error type="java.lang.AssertionError">
      <![CDATA[java.lang.AssertionError
	at com.llwallet.interfaces.test.api.test.personal.SecuredPrepayModifyTest.securedPrepayModify(SecuredPrepayModifyTest.java:148)
	at sun.reflect.GeneratedMethodAccessor42.invoke(Unknown Source)
	at sun.reflect.DelegatingMethodAccessorImpl.invoke(Unknown Source)
	at java.lang.reflect.Method.invoke(Unknown Source)
	at org.testng.internal.MethodInvocationHelper.invokeMethod(MethodInvocationHelper.java:85)
	at org.testng.internal.InvokeMethodRunnable.runOne(InvokeMethodRunnable.java:46)
	at org.testng.internal.InvokeMethodRunnable.run(InvokeMethodRunnable.java:37)
	at java.util.concurrent.Executors$RunnableAdapter.call(Unknown Source)
	at java.util.concurrent.FutureTask.run(Unknown Source)
	at java.util.concurrent.ThreadPoolExecutor.runWorker(Unknown Source)
	at java.util.concurrent.ThreadPoolExecutor$Worker.run(Unknown Source)
	at java.lang.Thread.run(Unknown Source)
]]>
    </error>
  </testcase> <!-- securedPrepayModify -->
  <testcase name="securedPrepayModify" time="2.019" classname="com.llwallet.interfaces.test.api.test.personal.SecuredPrepayModifyTest"/>
  <testcase name="securedPrepayModify" time="1.894" classname="com.llwallet.interfaces.test.api.test.personal.SecuredPrepayModifyTest"/>
</testsuite> <!-- com.llwallet.interfaces.test.api.test.personal.SecuredPrepayModifyTest -->
