<?xml version="1.0" encoding="UTF-8"?>
<!-- Generated by org.testng.reporters.JUnitReportReporter -->
<testsuite hostname="LT-jiangxm" name="com.llwallet.interfaces.test.api.test.personal.CombinePayTest" tests="163" failures="0" timestamp="21 Jun 2017 02:46:55 GMT" time="78.803" errors="5">
  <testcase name="combinePay" time="0.824" classname="com.llwallet.interfaces.test.api.test.personal.CombinePayTest"/>
  <testcase name="combinePay" time="0.159" classname="com.llwallet.interfaces.test.api.test.personal.CombinePayTest"/>
  <testcase name="combinePay" time="1.283" classname="com.llwallet.interfaces.test.api.test.personal.CombinePayTest">
    <error type="java.lang.AssertionError">
      <![CDATA[java.lang.AssertionError
	at com.llwallet.interfaces.test.api.test.personal.CombinePayTest.combinePay(CombinePayTest.java:96)
	at sun.reflect.GeneratedMethodAccessor2.invoke(Unknown Source)
	at sun.reflect.DelegatingMethodAccessorImpl.invoke(Unknown Source)
	at java.lang.reflect.Method.invoke(Unknown Source)
	at org.testng.internal.MethodInvocationHelper.invokeMethod(MethodInvocationHelper.java:85)
	at org.testng.internal.InvokeMethodRunnable.runOne(InvokeMethodRunnable.java:46)
	at org.testng.internal.InvokeMethodRunnable.run(InvokeMethodRunnable.java:37)
	at java.util.concurrent.Executors$RunnableAdapter.call(Unknown Source)
	at java.util.concurrent.FutureTask.run(Unknown Source)
	at java.util.concurrent.ThreadPoolExecutor.runWorker(Unknown Source)
	at java.util.concurrent.ThreadPoolExecutor$Worker.run(Unknown Source)
	at java.lang.Thread.run(Unknown Source)
]]>
    </error>
  </testcase> <!-- combinePay -->
  <testcase name="combinePay" time="0.135" classname="com.llwallet.interfaces.test.api.test.personal.CombinePayTest"/>
  <testcase name="combinePay" time="0.119" classname="com.llwallet.interfaces.test.api.test.personal.CombinePayTest"/>
  <testcase name="combinePay" time="0.713" classname="com.llwallet.interfaces.test.api.test.personal.CombinePayTest"/>
  <testcase name="combinePay" time="0.145" classname="com.llwallet.interfaces.test.api.test.personal.CombinePayTest"/>
  <testcase name="combinePay" time="0.139" classname="com.llwallet.interfaces.test.api.test.personal.CombinePayTest"/>
  <testcase name="combinePay" time="0.668" classname="com.llwallet.interfaces.test.api.test.personal.CombinePayTest"/>
  <testcase name="combinePay" time="0.789" classname="com.llwallet.interfaces.test.api.test.personal.CombinePayTest"/>
  <testcase name="combinePay" time="1.007" classname="com.llwallet.interfaces.test.api.test.personal.CombinePayTest"/>
  <testcase name="combinePay" time="0.698" classname="com.llwallet.interfaces.test.api.test.personal.CombinePayTest"/>
  <testcase name="combinePay" time="0.141" classname="com.llwallet.interfaces.test.api.test.personal.CombinePayTest"/>
  <testcase name="combinePay" time="0.129" classname="com.llwallet.interfaces.test.api.test.personal.CombinePayTest"/>
  <testcase name="combinePay" time="0.133" classname="com.llwallet.interfaces.test.api.test.personal.CombinePayTest"/>
  <testcase name="combinePay" time="0.130" classname="com.llwallet.interfaces.test.api.test.personal.CombinePayTest"/>
  <testcase name="combinePay" time="0.118" classname="com.llwallet.interfaces.test.api.test.personal.CombinePayTest"/>
  <testcase name="combinePay" time="1.445" classname="com.llwallet.interfaces.test.api.test.personal.CombinePayTest">
    <error type="java.lang.AssertionError">
      <![CDATA[java.lang.AssertionError
	at com.llwallet.interfaces.test.api.test.personal.CombinePayTest.combinePay(CombinePayTest.java:96)
	at sun.reflect.GeneratedMethodAccessor2.invoke(Unknown Source)
	at sun.reflect.DelegatingMethodAccessorImpl.invoke(Unknown Source)
	at java.lang.reflect.Method.invoke(Unknown Source)
	at org.testng.internal.MethodInvocationHelper.invokeMethod(MethodInvocationHelper.java:85)
	at org.testng.internal.InvokeMethodRunnable.runOne(InvokeMethodRunnable.java:46)
	at org.testng.internal.InvokeMethodRunnable.run(InvokeMethodRunnable.java:37)
	at java.util.concurrent.Executors$RunnableAdapter.call(Unknown Source)
	at java.util.concurrent.FutureTask.run(Unknown Source)
	at java.util.concurrent.ThreadPoolExecutor.runWorker(Unknown Source)
	at java.util.concurrent.ThreadPoolExecutor$Worker.run(Unknown Source)
	at java.lang.Thread.run(Unknown Source)
]]>
    </error>
  </testcase> <!-- combinePay -->
  <testcase name="combinePay" time="0.748" classname="com.llwallet.interfaces.test.api.test.personal.CombinePayTest"/>
  <testcase name="combinePay" time="1.996" classname="com.llwallet.interfaces.test.api.test.personal.CombinePayTest"/>
  <testcase name="combinePay" time="0.148" classname="com.llwallet.interfaces.test.api.test.personal.CombinePayTest"/>
  <testcase name="combinePay" time="1.134" classname="com.llwallet.interfaces.test.api.test.personal.CombinePayTest"/>
  <testcase name="combinePay" time="0.652" classname="com.llwallet.interfaces.test.api.test.personal.CombinePayTest"/>
  <testcase name="combinePay" time="0.137" classname="com.llwallet.interfaces.test.api.test.personal.CombinePayTest"/>
  <testcase name="combinePay" time="1.982" classname="com.llwallet.interfaces.test.api.test.personal.CombinePayTest"/>
  <testcase name="combinePay" time="0.765" classname="com.llwallet.interfaces.test.api.test.personal.CombinePayTest"/>
  <testcase name="combinePay" time="0.784" classname="com.llwallet.interfaces.test.api.test.personal.CombinePayTest"/>
  <testcase name="combinePay" time="0.125" classname="com.llwallet.interfaces.test.api.test.personal.CombinePayTest"/>
  <testcase name="combinePay" time="0.133" classname="com.llwallet.interfaces.test.api.test.personal.CombinePayTest"/>
  <testcase name="combinePay" time="0.487" classname="com.llwallet.interfaces.test.api.test.personal.CombinePayTest"/>
  <testcase name="combinePay" time="0.135" classname="com.llwallet.interfaces.test.api.test.personal.CombinePayTest"/>
  <testcase name="combinePay" time="0.867" classname="com.llwallet.interfaces.test.api.test.personal.CombinePayTest"/>
  <testcase name="combinePay" time="0.378" classname="com.llwallet.interfaces.test.api.test.personal.CombinePayTest"/>
  <testcase name="combinePay" time="1.687" classname="com.llwallet.interfaces.test.api.test.personal.CombinePayTest"/>
  <testcase name="combinePay" time="1.444" classname="com.llwallet.interfaces.test.api.test.personal.CombinePayTest"/>
  <testcase name="combinePay" time="0.145" classname="com.llwallet.interfaces.test.api.test.personal.CombinePayTest"/>
  <testcase name="combinePay" time="0.773" classname="com.llwallet.interfaces.test.api.test.personal.CombinePayTest"/>
  <testcase name="combinePay" time="0.139" classname="com.llwallet.interfaces.test.api.test.personal.CombinePayTest"/>
  <testcase name="combinePay" time="0.895" classname="com.llwallet.interfaces.test.api.test.personal.CombinePayTest"/>
  <testcase name="combinePay" time="0.139" classname="com.llwallet.interfaces.test.api.test.personal.CombinePayTest"/>
  <testcase name="combinePay" time="0.165" classname="com.llwallet.interfaces.test.api.test.personal.CombinePayTest"/>
  <testcase name="combinePay" time="0.780" classname="com.llwallet.interfaces.test.api.test.personal.CombinePayTest"/>
  <testcase name="combinePay" time="0.959" classname="com.llwallet.interfaces.test.api.test.personal.CombinePayTest">
    <error type="java.lang.AssertionError">
      <![CDATA[java.lang.AssertionError
	at com.llwallet.interfaces.test.api.test.personal.CombinePayTest.combinePay(CombinePayTest.java:96)
	at sun.reflect.GeneratedMethodAccessor2.invoke(Unknown Source)
	at sun.reflect.DelegatingMethodAccessorImpl.invoke(Unknown Source)
	at java.lang.reflect.Method.invoke(Unknown Source)
	at org.testng.internal.MethodInvocationHelper.invokeMethod(MethodInvocationHelper.java:85)
	at org.testng.internal.InvokeMethodRunnable.runOne(InvokeMethodRunnable.java:46)
	at org.testng.internal.InvokeMethodRunnable.run(InvokeMethodRunnable.java:37)
	at java.util.concurrent.Executors$RunnableAdapter.call(Unknown Source)
	at java.util.concurrent.FutureTask.run(Unknown Source)
	at java.util.concurrent.ThreadPoolExecutor.runWorker(Unknown Source)
	at java.util.concurrent.ThreadPoolExecutor$Worker.run(Unknown Source)
	at java.lang.Thread.run(Unknown Source)
]]>
    </error>
  </testcase> <!-- combinePay -->
  <testcase name="combinePay" time="0.677" classname="com.llwallet.interfaces.test.api.test.personal.CombinePayTest"/>
  <testcase name="combinePay" time="0.164" classname="com.llwallet.interfaces.test.api.test.personal.CombinePayTest"/>
  <testcase name="combinePay" time="0.154" classname="com.llwallet.interfaces.test.api.test.personal.CombinePayTest"/>
  <testcase name="combinePay" time="0.714" classname="com.llwallet.interfaces.test.api.test.personal.CombinePayTest"/>
  <testcase name="combinePay" time="0.890" classname="com.llwallet.interfaces.test.api.test.personal.CombinePayTest"/>
  <testcase name="combinePay" time="0.184" classname="com.llwallet.interfaces.test.api.test.personal.CombinePayTest"/>
  <testcase name="combinePay" time="0.163" classname="com.llwallet.interfaces.test.api.test.personal.CombinePayTest"/>
  <testcase name="combinePay" time="0.864" classname="com.llwallet.interfaces.test.api.test.personal.CombinePayTest"/>
  <testcase name="combinePay" time="1.136" classname="com.llwallet.interfaces.test.api.test.personal.CombinePayTest"/>
  <testcase name="combinePay" time="0.173" classname="com.llwallet.interfaces.test.api.test.personal.CombinePayTest"/>
  <testcase name="combinePay" time="0.129" classname="com.llwallet.interfaces.test.api.test.personal.CombinePayTest"/>
  <testcase name="combinePay" time="0.142" classname="com.llwallet.interfaces.test.api.test.personal.CombinePayTest"/>
  <testcase name="combinePay" time="0.661" classname="com.llwallet.interfaces.test.api.test.personal.CombinePayTest"/>
  <testcase name="combinePay" time="0.720" classname="com.llwallet.interfaces.test.api.test.personal.CombinePayTest"/>
  <testcase name="combinePay" time="0.147" classname="com.llwallet.interfaces.test.api.test.personal.CombinePayTest"/>
  <testcase name="combinePay" time="0.126" classname="com.llwallet.interfaces.test.api.test.personal.CombinePayTest"/>
  <testcase name="combinePay" time="0.116" classname="com.llwallet.interfaces.test.api.test.personal.CombinePayTest"/>
  <testcase name="combinePay" time="0.753" classname="com.llwallet.interfaces.test.api.test.personal.CombinePayTest"/>
  <testcase name="combinePay" time="0.902" classname="com.llwallet.interfaces.test.api.test.personal.CombinePayTest"/>
  <testcase name="combinePay" time="0.733" classname="com.llwallet.interfaces.test.api.test.personal.CombinePayTest"/>
  <testcase name="combinePay" time="0.715" classname="com.llwallet.interfaces.test.api.test.personal.CombinePayTest"/>
  <testcase name="combinePay" time="0.137" classname="com.llwallet.interfaces.test.api.test.personal.CombinePayTest"/>
  <testcase name="combinePay" time="0.121" classname="com.llwallet.interfaces.test.api.test.personal.CombinePayTest"/>
  <testcase name="combinePay" time="0.128" classname="com.llwallet.interfaces.test.api.test.personal.CombinePayTest"/>
  <testcase name="combinePay" time="0.145" classname="com.llwallet.interfaces.test.api.test.personal.CombinePayTest"/>
  <testcase name="combinePay" time="1.206" classname="com.llwallet.interfaces.test.api.test.personal.CombinePayTest"/>
  <testcase name="combinePay" time="0.137" classname="com.llwallet.interfaces.test.api.test.personal.CombinePayTest"/>
  <testcase name="combinePay" time="0.131" classname="com.llwallet.interfaces.test.api.test.personal.CombinePayTest"/>
  <testcase name="combinePay" time="0.775" classname="com.llwallet.interfaces.test.api.test.personal.CombinePayTest"/>
  <testcase name="combinePay" time="0.131" classname="com.llwallet.interfaces.test.api.test.personal.CombinePayTest"/>
  <testcase name="combinePay" time="0.143" classname="com.llwallet.interfaces.test.api.test.personal.CombinePayTest"/>
  <testcase name="combinePay" time="0.824" classname="com.llwallet.interfaces.test.api.test.personal.CombinePayTest"/>
  <testcase name="combinePay" time="0.201" classname="com.llwallet.interfaces.test.api.test.personal.CombinePayTest"/>
  <testcase name="combinePay" time="0.143" classname="com.llwallet.interfaces.test.api.test.personal.CombinePayTest"/>
  <testcase name="combinePay" time="0.141" classname="com.llwallet.interfaces.test.api.test.personal.CombinePayTest"/>
  <testcase name="combinePay" time="0.710" classname="com.llwallet.interfaces.test.api.test.personal.CombinePayTest"/>
  <testcase name="combinePay" time="0.118" classname="com.llwallet.interfaces.test.api.test.personal.CombinePayTest"/>
  <testcase name="combinePay" time="0.138" classname="com.llwallet.interfaces.test.api.test.personal.CombinePayTest"/>
  <testcase name="combinePay" time="0.137" classname="com.llwallet.interfaces.test.api.test.personal.CombinePayTest"/>
  <testcase name="combinePay" time="0.733" classname="com.llwallet.interfaces.test.api.test.personal.CombinePayTest"/>
  <testcase name="combinePay" time="0.755" classname="com.llwallet.interfaces.test.api.test.personal.CombinePayTest"/>
  <testcase name="combinePay" time="0.129" classname="com.llwallet.interfaces.test.api.test.personal.CombinePayTest"/>
  <testcase name="combinePay" time="0.143" classname="com.llwallet.interfaces.test.api.test.personal.CombinePayTest"/>
  <testcase name="combinePay" time="1.069" classname="com.llwallet.interfaces.test.api.test.personal.CombinePayTest"/>
  <testcase name="combinePay" time="0.127" classname="com.llwallet.interfaces.test.api.test.personal.CombinePayTest"/>
  <testcase name="combinePay" time="0.132" classname="com.llwallet.interfaces.test.api.test.personal.CombinePayTest"/>
  <testcase name="combinePay" time="0.710" classname="com.llwallet.interfaces.test.api.test.personal.CombinePayTest"/>
  <testcase name="combinePay" time="0.216" classname="com.llwallet.interfaces.test.api.test.personal.CombinePayTest"/>
  <testcase name="combinePay" time="1.108" classname="com.llwallet.interfaces.test.api.test.personal.CombinePayTest">
    <error type="java.lang.AssertionError">
      <![CDATA[java.lang.AssertionError
	at com.llwallet.interfaces.test.api.test.personal.CombinePayTest.combinePay(CombinePayTest.java:96)
	at sun.reflect.GeneratedMethodAccessor2.invoke(Unknown Source)
	at sun.reflect.DelegatingMethodAccessorImpl.invoke(Unknown Source)
	at java.lang.reflect.Method.invoke(Unknown Source)
	at org.testng.internal.MethodInvocationHelper.invokeMethod(MethodInvocationHelper.java:85)
	at org.testng.internal.InvokeMethodRunnable.runOne(InvokeMethodRunnable.java:46)
	at org.testng.internal.InvokeMethodRunnable.run(InvokeMethodRunnable.java:37)
	at java.util.concurrent.Executors$RunnableAdapter.call(Unknown Source)
	at java.util.concurrent.FutureTask.run(Unknown Source)
	at java.util.concurrent.ThreadPoolExecutor.runWorker(Unknown Source)
	at java.util.concurrent.ThreadPoolExecutor$Worker.run(Unknown Source)
	at java.lang.Thread.run(Unknown Source)
]]>
    </error>
  </testcase> <!-- combinePay -->
  <testcase name="combinePay" time="0.156" classname="com.llwallet.interfaces.test.api.test.personal.CombinePayTest"/>
  <testcase name="combinePay" time="0.123" classname="com.llwallet.interfaces.test.api.test.personal.CombinePayTest"/>
  <testcase name="combinePay" time="0.118" classname="com.llwallet.interfaces.test.api.test.personal.CombinePayTest"/>
  <testcase name="combinePay" time="0.499" classname="com.llwallet.interfaces.test.api.test.personal.CombinePayTest"/>
  <testcase name="combinePay" time="0.143" classname="com.llwallet.interfaces.test.api.test.personal.CombinePayTest"/>
  <testcase name="combinePay" time="0.170" classname="com.llwallet.interfaces.test.api.test.personal.CombinePayTest"/>
  <testcase name="combinePay" time="0.744" classname="com.llwallet.interfaces.test.api.test.personal.CombinePayTest"/>
  <testcase name="combinePay" time="1.287" classname="com.llwallet.interfaces.test.api.test.personal.CombinePayTest"/>
  <testcase name="combinePay" time="0.129" classname="com.llwallet.interfaces.test.api.test.personal.CombinePayTest"/>
  <testcase name="combinePay" time="0.135" classname="com.llwallet.interfaces.test.api.test.personal.CombinePayTest"/>
  <testcase name="combinePay" time="0.166" classname="com.llwallet.interfaces.test.api.test.personal.CombinePayTest"/>
  <testcase name="combinePay" time="1.299" classname="com.llwallet.interfaces.test.api.test.personal.CombinePayTest">
    <error type="java.lang.AssertionError">
      <![CDATA[java.lang.AssertionError
	at com.llwallet.interfaces.test.api.test.personal.CombinePayTest.combinePay(CombinePayTest.java:96)
	at sun.reflect.GeneratedMethodAccessor2.invoke(Unknown Source)
	at sun.reflect.DelegatingMethodAccessorImpl.invoke(Unknown Source)
	at java.lang.reflect.Method.invoke(Unknown Source)
	at org.testng.internal.MethodInvocationHelper.invokeMethod(MethodInvocationHelper.java:85)
	at org.testng.internal.InvokeMethodRunnable.runOne(InvokeMethodRunnable.java:46)
	at org.testng.internal.InvokeMethodRunnable.run(InvokeMethodRunnable.java:37)
	at java.util.concurrent.Executors$RunnableAdapter.call(Unknown Source)
	at java.util.concurrent.FutureTask.run(Unknown Source)
	at java.util.concurrent.ThreadPoolExecutor.runWorker(Unknown Source)
	at java.util.concurrent.ThreadPoolExecutor$Worker.run(Unknown Source)
	at java.lang.Thread.run(Unknown Source)
]]>
    </error>
  </testcase> <!-- combinePay -->
  <testcase name="combinePay" time="0.813" classname="com.llwallet.interfaces.test.api.test.personal.CombinePayTest"/>
  <testcase name="combinePay" time="0.155" classname="com.llwallet.interfaces.test.api.test.personal.CombinePayTest"/>
  <testcase name="combinePay" time="0.135" classname="com.llwallet.interfaces.test.api.test.personal.CombinePayTest"/>
  <testcase name="combinePay" time="0.813" classname="com.llwallet.interfaces.test.api.test.personal.CombinePayTest"/>
  <testcase name="combinePay" time="0.739" classname="com.llwallet.interfaces.test.api.test.personal.CombinePayTest"/>
  <testcase name="combinePay" time="0.861" classname="com.llwallet.interfaces.test.api.test.personal.CombinePayTest"/>
  <testcase name="combinePay" time="0.599" classname="com.llwallet.interfaces.test.api.test.personal.CombinePayTest"/>
  <testcase name="combinePay" time="0.771" classname="com.llwallet.interfaces.test.api.test.personal.CombinePayTest"/>
  <testcase name="combinePay" time="0.130" classname="com.llwallet.interfaces.test.api.test.personal.CombinePayTest"/>
  <testcase name="combinePay" time="0.117" classname="com.llwallet.interfaces.test.api.test.personal.CombinePayTest"/>
  <testcase name="combinePay" time="0.122" classname="com.llwallet.interfaces.test.api.test.personal.CombinePayTest"/>
  <testcase name="combinePay" time="0.705" classname="com.llwallet.interfaces.test.api.test.personal.CombinePayTest"/>
  <testcase name="combinePay" time="1.667" classname="com.llwallet.interfaces.test.api.test.personal.CombinePayTest"/>
  <testcase name="combinePay" time="0.138" classname="com.llwallet.interfaces.test.api.test.personal.CombinePayTest"/>
  <testcase name="combinePay" time="0.189" classname="com.llwallet.interfaces.test.api.test.personal.CombinePayTest"/>
  <testcase name="combinePay" time="0.129" classname="com.llwallet.interfaces.test.api.test.personal.CombinePayTest"/>
  <testcase name="combinePay" time="0.138" classname="com.llwallet.interfaces.test.api.test.personal.CombinePayTest"/>
  <testcase name="combinePay" time="0.829" classname="com.llwallet.interfaces.test.api.test.personal.CombinePayTest"/>
  <testcase name="combinePay" time="0.123" classname="com.llwallet.interfaces.test.api.test.personal.CombinePayTest"/>
  <testcase name="combinePay" time="0.157" classname="com.llwallet.interfaces.test.api.test.personal.CombinePayTest"/>
  <testcase name="combinePay" time="0.992" classname="com.llwallet.interfaces.test.api.test.personal.CombinePayTest"/>
  <testcase name="combinePay" time="0.134" classname="com.llwallet.interfaces.test.api.test.personal.CombinePayTest"/>
  <testcase name="combinePay" time="0.899" classname="com.llwallet.interfaces.test.api.test.personal.CombinePayTest"/>
  <testcase name="combinePay" time="0.134" classname="com.llwallet.interfaces.test.api.test.personal.CombinePayTest"/>
  <testcase name="combinePay" time="0.722" classname="com.llwallet.interfaces.test.api.test.personal.CombinePayTest"/>
  <testcase name="combinePay" time="1.009" classname="com.llwallet.interfaces.test.api.test.personal.CombinePayTest"/>
  <testcase name="combinePay" time="0.339" classname="com.llwallet.interfaces.test.api.test.personal.CombinePayTest"/>
  <testcase name="combinePay" time="0.120" classname="com.llwallet.interfaces.test.api.test.personal.CombinePayTest"/>
  <testcase name="combinePay" time="0.137" classname="com.llwallet.interfaces.test.api.test.personal.CombinePayTest"/>
  <testcase name="combinePay" time="0.770" classname="com.llwallet.interfaces.test.api.test.personal.CombinePayTest"/>
  <testcase name="combinePay" time="0.135" classname="com.llwallet.interfaces.test.api.test.personal.CombinePayTest"/>
  <testcase name="combinePay" time="0.117" classname="com.llwallet.interfaces.test.api.test.personal.CombinePayTest"/>
  <testcase name="combinePay" time="0.115" classname="com.llwallet.interfaces.test.api.test.personal.CombinePayTest"/>
  <testcase name="combinePay" time="0.957" classname="com.llwallet.interfaces.test.api.test.personal.CombinePayTest"/>
  <testcase name="combinePay" time="0.451" classname="com.llwallet.interfaces.test.api.test.personal.CombinePayTest"/>
  <testcase name="combinePay" time="0.136" classname="com.llwallet.interfaces.test.api.test.personal.CombinePayTest"/>
  <testcase name="combinePay" time="0.762" classname="com.llwallet.interfaces.test.api.test.personal.CombinePayTest"/>
  <testcase name="combinePay" time="0.150" classname="com.llwallet.interfaces.test.api.test.personal.CombinePayTest"/>
  <testcase name="combinePay" time="0.748" classname="com.llwallet.interfaces.test.api.test.personal.CombinePayTest"/>
  <testcase name="combinePay" time="0.737" classname="com.llwallet.interfaces.test.api.test.personal.CombinePayTest"/>
  <testcase name="combinePay" time="0.168" classname="com.llwallet.interfaces.test.api.test.personal.CombinePayTest"/>
  <testcase name="combinePay" time="0.117" classname="com.llwallet.interfaces.test.api.test.personal.CombinePayTest"/>
  <testcase name="combinePay" time="0.837" classname="com.llwallet.interfaces.test.api.test.personal.CombinePayTest"/>
  <testcase name="combinePay" time="0.166" classname="com.llwallet.interfaces.test.api.test.personal.CombinePayTest"/>
  <testcase name="combinePay" time="0.137" classname="com.llwallet.interfaces.test.api.test.personal.CombinePayTest"/>
  <testcase name="combinePay" time="0.133" classname="com.llwallet.interfaces.test.api.test.personal.CombinePayTest"/>
  <testcase name="combinePay" time="0.163" classname="com.llwallet.interfaces.test.api.test.personal.CombinePayTest"/>
  <testcase name="combinePay" time="0.790" classname="com.llwallet.interfaces.test.api.test.personal.CombinePayTest"/>
  <testcase name="combinePay" time="0.151" classname="com.llwallet.interfaces.test.api.test.personal.CombinePayTest"/>
  <testcase name="combinePay" time="0.976" classname="com.llwallet.interfaces.test.api.test.personal.CombinePayTest"/>
  <testcase name="combinePay" time="0.133" classname="com.llwallet.interfaces.test.api.test.personal.CombinePayTest"/>
  <testcase name="combinePay" time="1.376" classname="com.llwallet.interfaces.test.api.test.personal.CombinePayTest"/>
  <testcase name="combinePay" time="0.773" classname="com.llwallet.interfaces.test.api.test.personal.CombinePayTest"/>
  <testcase name="combinePay" time="0.120" classname="com.llwallet.interfaces.test.api.test.personal.CombinePayTest"/>
  <testcase name="combinePay" time="0.681" classname="com.llwallet.interfaces.test.api.test.personal.CombinePayTest"/>
  <testcase name="combinePay" time="0.125" classname="com.llwallet.interfaces.test.api.test.personal.CombinePayTest"/>
  <testcase name="combinePay" time="0.509" classname="com.llwallet.interfaces.test.api.test.personal.CombinePayTest"/>
  <testcase name="combinePay" time="0.149" classname="com.llwallet.interfaces.test.api.test.personal.CombinePayTest"/>
  <testcase name="combinePay" time="0.213" classname="com.llwallet.interfaces.test.api.test.personal.CombinePayTest"/>
</testsuite> <!-- com.llwallet.interfaces.test.api.test.personal.CombinePayTest -->
